{"/Users/vishwas.hk/Documents/RN_WS/UnitTests/app/App.js": {"path":"/Users/vishwas.hk/Documents/RN_WS/UnitTests/app/App.js","statementMap":{"0":{"start":{"line":5,"column":22},"end":{"line":11,"column":1}},"1":{"start":{"line":12,"column":14},"end":{"line":12,"column":50}},"2":{"start":{"line":14,"column":12},"end":{"line":18,"column":1}},"3":{"start":{"line":15,"column":2},"end":{"line":17,"column":23}}},"fnMap":{"0":{"name":"(anonymous_0)","decl":{"start":{"line":14,"column":12},"end":{"line":14,"column":13}},"loc":{"start":{"line":15,"column":2},"end":{"line":17,"column":23}},"line":15}},"branchMap":{},"s":{"0":1,"1":1,"2":1,"3":1},"f":{"0":1},"b":{},"_coverageSchema":"1a1c01bbd47fc00a2c39e90264f33305004495a9","hash":"dabea8c6ff99da7b444d9b0c957274d20b99ab9c"}
,"/Users/vishwas.hk/Documents/RN_WS/UnitTests/app/ColorForm/ColorForm.js": {"path":"/Users/vishwas.hk/Documents/RN_WS/UnitTests/app/ColorForm/ColorForm.js","statementMap":{"0":{"start":{"line":4,"column":18},"end":{"line":23,"column":1}},"1":{"start":{"line":5,"column":28},"end":{"line":5,"column":47}},"2":{"start":{"line":6,"column":2},"end":{"line":22,"column":4}},"3":{"start":{"line":12,"column":30},"end":{"line":12,"column":44}},"4":{"start":{"line":17,"column":10},"end":{"line":17,"column":30}}},"fnMap":{"0":{"name":"(anonymous_0)","decl":{"start":{"line":4,"column":18},"end":{"line":4,"column":19}},"loc":{"start":{"line":4,"column":40},"end":{"line":23,"column":1}},"line":4},"1":{"name":"(anonymous_1)","decl":{"start":{"line":12,"column":22},"end":{"line":12,"column":23}},"loc":{"start":{"line":12,"column":30},"end":{"line":12,"column":44}},"line":12},"2":{"name":"(anonymous_2)","decl":{"start":{"line":16,"column":17},"end":{"line":16,"column":18}},"loc":{"start":{"line":16,"column":23},"end":{"line":18,"column":9}},"line":16}},"branchMap":{},"s":{"0":3,"1":0,"2":0,"3":0,"4":0},"f":{"0":0,"1":0,"2":0},"b":{},"_coverageSchema":"1a1c01bbd47fc00a2c39e90264f33305004495a9","hash":"14a27cc206d59eb0ddd2f30befbee979fb74f2e9"}
,"/Users/vishwas.hk/Documents/RN_WS/UnitTests/app/ColorList/ColorList.js": {"path":"/Users/vishwas.hk/Documents/RN_WS/UnitTests/app/ColorList/ColorList.js","statementMap":{"0":{"start":{"line":5,"column":18},"end":{"line":39,"column":1}},"1":{"start":{"line":6,"column":19},"end":{"line":13,"column":15}},"2":{"start":{"line":7,"column":4},"end":{"line":13,"column":15}},"3":{"start":{"line":10,"column":20},"end":{"line":10,"column":34}},"4":{"start":{"line":11,"column":8},"end":{"line":11,"column":50}},"5":{"start":{"line":14,"column":21},"end":{"line":27,"column":3}},"6":{"start":{"line":15,"column":4},"end":{"line":15,"column":22}},"7":{"start":{"line":16,"column":21},"end":{"line":16,"column":68}},"8":{"start":{"line":17,"column":4},"end":{"line":26,"column":6}},"9":{"start":{"line":28,"column":2},"end":{"line":38,"column":4}},"10":{"start":{"line":34,"column":10},"end":{"line":34,"column":41}}},"fnMap":{"0":{"name":"(anonymous_0)","decl":{"start":{"line":5,"column":18},"end":{"line":5,"column":19}},"loc":{"start":{"line":5,"column":30},"end":{"line":39,"column":1}},"line":5},"1":{"name":"(anonymous_1)","decl":{"start":{"line":6,"column":19},"end":{"line":6,"column":20}},"loc":{"start":{"line":7,"column":4},"end":{"line":13,"column":15}},"line":7},"2":{"name":"(anonymous_2)","decl":{"start":{"line":9,"column":11},"end":{"line":9,"column":12}},"loc":{"start":{"line":9,"column":16},"end":{"line":12,"column":7}},"line":9},"3":{"name":"(anonymous_3)","decl":{"start":{"line":14,"column":21},"end":{"line":14,"column":22}},"loc":{"start":{"line":14,"column":38},"end":{"line":27,"column":3}},"line":14},"4":{"name":"(anonymous_4)","decl":{"start":{"line":33,"column":18},"end":{"line":33,"column":19}},"loc":{"start":{"line":33,"column":35},"end":{"line":35,"column":9}},"line":33}},"branchMap":{"0":{"loc":{"start":{"line":11,"column":15},"end":{"line":11,"column":49}},"type":"cond-expr","locations":[{"start":{"line":11,"column":34},"end":{"line":11,"column":43}},{"start":{"line":11,"column":46},"end":{"line":11,"column":49}}],"line":11},"1":{"loc":{"start":{"line":19,"column":35},"end":{"line":19,"column":63}},"type":"cond-expr","locations":[{"start":{"line":19,"column":48},"end":{"line":19,"column":54}},{"start":{"line":19,"column":57},"end":{"line":19,"column":63}}],"line":19},"2":{"loc":{"start":{"line":22,"column":35},"end":{"line":22,"column":63}},"type":"cond-expr","locations":[{"start":{"line":22,"column":48},"end":{"line":22,"column":54}},{"start":{"line":22,"column":57},"end":{"line":22,"column":63}}],"line":22}},"s":{"0":3,"1":0,"2":0,"3":0,"4":0,"5":0,"6":0,"7":0,"8":0,"9":0,"10":0},"f":{"0":0,"1":0,"2":0,"3":0,"4":0},"b":{"0":[0,0],"1":[0,0],"2":[0,0]},"_coverageSchema":"1a1c01bbd47fc00a2c39e90264f33305004495a9","hash":"73a2cde762b6e60ceda7ca4ff253e2fd139da126"}
,"/Users/vishwas.hk/Documents/RN_WS/UnitTests/app/Home/Home.js": {"path":"/Users/vishwas.hk/Documents/RN_WS/UnitTests/app/Home/Home.js","statementMap":{"0":{"start":{"line":7,"column":13},"end":{"line":26,"column":1}},"1":{"start":{"line":8,"column":26},"end":{"line":8,"column":65}},"2":{"start":{"line":10,"column":23},"end":{"line":17,"column":3}},"3":{"start":{"line":11,"column":4},"end":{"line":16,"column":5}},"4":{"start":{"line":12,"column":24},"end":{"line":12,"column":54}},"5":{"start":{"line":13,"column":6},"end":{"line":13,"column":25}},"6":{"start":{"line":15,"column":6},"end":{"line":15,"column":22}},"7":{"start":{"line":18,"column":2},"end":{"line":25,"column":4}}},"fnMap":{"0":{"name":"(anonymous_0)","decl":{"start":{"line":7,"column":13},"end":{"line":7,"column":14}},"loc":{"start":{"line":7,"column":19},"end":{"line":26,"column":1}},"line":7},"1":{"name":"(anonymous_1)","decl":{"start":{"line":10,"column":23},"end":{"line":10,"column":24}},"loc":{"start":{"line":10,"column":37},"end":{"line":17,"column":3}},"line":10}},"branchMap":{},"s":{"0":2,"1":0,"2":0,"3":0,"4":0,"5":0,"6":0,"7":0},"f":{"0":0,"1":0},"b":{},"_coverageSchema":"1a1c01bbd47fc00a2c39e90264f33305004495a9","hash":"7391a477bb7804c7c71be18f57f6b727a8c4d9af"}
}
